2016-02-23 16:13:04 - PHP Notice:  Undefined index: custom_css in /home/lwmdosdz/public_html/admin/controller/module/themecontrol.php on line 290
2016-02-23 16:14:00 - PHP Notice:  Undefined index: custom_css in /home/lwmdosdz/public_html/admin/controller/module/themecontrol.php on line 290
2016-02-23 16:14:22 - PHP Notice:  Undefined index: custom_css in /home/lwmdosdz/public_html/admin/controller/module/themecontrol.php on line 290
2016-02-24 0:09:32 - PHP Notice:  Undefined variable: booking in /home/lwmdosdz/public_html/catalog/view/theme/lexus_golmart/template/product/detail/default.tpl on line 235
2016-02-24 0:09:33 - PHP Notice:  Undefined variable: booking in /home/lwmdosdz/public_html/catalog/view/theme/lexus_golmart/template/product/detail/default.tpl on line 235
2016-02-24 0:09:34 - PHP Notice:  Undefined variable: booking in /home/lwmdosdz/public_html/catalog/view/theme/lexus_golmart/template/product/detail/default.tpl on line 235
2016-02-24 0:09:35 - PHP Notice:  Undefined variable: booking in /home/lwmdosdz/public_html/catalog/view/theme/lexus_golmart/template/product/detail/default.tpl on line 235
2016-02-24 0:09:36 - PHP Notice:  Undefined variable: booking in /home/lwmdosdz/public_html/catalog/view/theme/lexus_golmart/template/product/detail/default.tpl on line 235
2016-02-24 0:09:37 - PHP Notice:  Undefined variable: booking in /home/lwmdosdz/public_html/catalog/view/theme/lexus_golmart/template/product/detail/default.tpl on line 235
2016-02-24 0:09:39 - PHP Notice:  Undefined variable: booking in /home/lwmdosdz/public_html/catalog/view/theme/lexus_golmart/template/product/detail/default.tpl on line 235
2016-02-24 0:09:40 - PHP Notice:  Undefined variable: booking in /home/lwmdosdz/public_html/catalog/view/theme/lexus_golmart/template/product/detail/default.tpl on line 235
2016-02-24 0:09:41 - PHP Notice:  Undefined variable: booking in /home/lwmdosdz/public_html/catalog/view/theme/lexus_golmart/template/product/detail/default.tpl on line 235
2016-02-24 0:09:42 - PHP Notice:  Undefined variable: booking in /home/lwmdosdz/public_html/catalog/view/theme/lexus_golmart/template/product/detail/default.tpl on line 235
2016-02-24 0:09:43 - PHP Notice:  Undefined variable: booking in /home/lwmdosdz/public_html/catalog/view/theme/lexus_golmart/template/product/detail/default.tpl on line 235
2016-02-24 0:09:45 - PHP Notice:  Undefined variable: booking in /home/lwmdosdz/public_html/catalog/view/theme/lexus_golmart/template/product/detail/default.tpl on line 235
2016-02-24 0:09:46 - PHP Notice:  Undefined variable: booking in /home/lwmdosdz/public_html/catalog/view/theme/lexus_golmart/template/product/detail/default.tpl on line 235
2016-02-24 0:09:47 - PHP Notice:  Undefined variable: booking in /home/lwmdosdz/public_html/catalog/view/theme/lexus_golmart/template/product/detail/default.tpl on line 235
2016-02-24 0:09:48 - PHP Notice:  Undefined variable: booking in /home/lwmdosdz/public_html/catalog/view/theme/lexus_golmart/template/product/detail/default.tpl on line 235
2016-02-24 0:09:49 - PHP Notice:  Undefined variable: booking in /home/lwmdosdz/public_html/catalog/view/theme/lexus_golmart/template/product/detail/default.tpl on line 235
2016-02-24 1:36:33 - PHP Notice:  Undefined index: custom_css in /home/lwmdosdz/public_html/admin/controller/module/themecontrol.php on line 290
2016-02-24 1:37:17 - PHP Notice:  Undefined index: custom_css in /home/lwmdosdz/public_html/admin/controller/module/themecontrol.php on line 290
2016-02-24 1:38:33 - PHP Notice:  Undefined index: custom_css in /home/lwmdosdz/public_html/admin/controller/module/themecontrol.php on line 290
2016-02-24 1:41:18 - PHP Notice:  Undefined index: custom_css in /home/lwmdosdz/public_html/admin/controller/module/themecontrol.php on line 290
2016-02-24 2:06:49 - PHP Warning:  Invalid argument supplied for foreach() in /home/lwmdosdz/public_html/admin/controller/module/pavproductcarousel.php on line 65
2016-02-24 3:09:55 - PHP Notice:  Undefined variable: booking in /home/lwmdosdz/public_html/catalog/view/theme/lexus_golmart/template/product/detail/default.tpl on line 235
2016-02-24 8:01:40 - PHP Notice:  Undefined variable: booking in /home/lwmdosdz/public_html/catalog/view/theme/lexus_golmart/template/product/detail/default.tpl on line 235
2016-02-24 8:13:39 - PHP Warning:  mail() has been disabled for security reasons in /home/lwmdosdz/public_html/system/library/mail.php on line 164
2016-02-24 8:59:18 - PHP Notice:  unserialize(): Error at offset 0 of 64758 bytes in /home/lwmdosdz/public_html/admin/controller/module/pavsliderlayer.php on line 618
2016-02-24 8:59:51 - PHP Notice:  unserialize(): Error at offset 0 of 67844 bytes in /home/lwmdosdz/public_html/admin/controller/module/pavsliderlayer.php on line 618
2016-02-27 3:59:12 - PHP Notice:  Undefined variable: booking in /home/lwmdosdz/public_html/catalog/view/theme/lexus_golmart/template/product/detail/default.tpl on line 235
2016-02-27 3:59:12 - PHP Notice:  Undefined variable: booking in /home/lwmdosdz/public_html/catalog/view/theme/lexus_golmart/template/product/detail/default.tpl on line 235
2016-02-27 3:59:13 - PHP Notice:  Undefined variable: booking in /home/lwmdosdz/public_html/catalog/view/theme/lexus_golmart/template/product/detail/default.tpl on line 235
2016-02-27 3:59:13 - PHP Notice:  Undefined variable: booking in /home/lwmdosdz/public_html/catalog/view/theme/lexus_golmart/template/product/detail/default.tpl on line 235
2016-02-27 3:59:14 - PHP Notice:  Undefined variable: booking in /home/lwmdosdz/public_html/catalog/view/theme/lexus_golmart/template/product/detail/default.tpl on line 235
2016-02-27 3:59:14 - PHP Notice:  Undefined variable: booking in /home/lwmdosdz/public_html/catalog/view/theme/lexus_golmart/template/product/detail/default.tpl on line 235
2016-02-27 3:59:15 - PHP Notice:  Undefined variable: booking in /home/lwmdosdz/public_html/catalog/view/theme/lexus_golmart/template/product/detail/default.tpl on line 235
2016-02-27 3:59:15 - PHP Notice:  Undefined variable: booking in /home/lwmdosdz/public_html/catalog/view/theme/lexus_golmart/template/product/detail/default.tpl on line 235
2016-03-02 14:28:20 - PHP Notice:  unserialize(): Error at offset 0 of 99943 bytes in /home/lwmdosdz/public_html/admin/controller/module/pavsliderlayer.php on line 618
2016-03-02 15:10:12 - PHP Notice:  unserialize(): Error at offset 0 of 41460 bytes in /home/lwmdosdz/public_html/admin/controller/module/pavsliderlayer.php on line 618
2016-03-03 7:34:43 - PHP Notice:  Undefined variable: booking in /home/lwmdosdz/public_html/catalog/view/theme/lexus_golmart/template/product/detail/default.tpl on line 235
2016-03-05 22:15:20 - PHP Notice:  Undefined variable: booking in /home/lwmdosdz/public_html/catalog/view/theme/lexus_golmart/template/product/detail/default.tpl on line 235
2016-03-05 22:20:51 - PHP Notice:  Undefined variable: booking in /home/lwmdosdz/public_html/catalog/view/theme/lexus_golmart/template/product/detail/default.tpl on line 235
2016-03-05 22:36:38 - PHP Notice:  Undefined variable: booking in /home/lwmdosdz/public_html/catalog/view/theme/lexus_golmart/template/product/detail/default.tpl on line 235
2016-03-05 22:43:52 - PHP Notice:  Undefined variable: booking in /home/lwmdosdz/public_html/catalog/view/theme/lexus_golmart/template/product/detail/default.tpl on line 235
2016-03-05 22:59:48 - PHP Notice:  Undefined variable: booking in /home/lwmdosdz/public_html/catalog/view/theme/lexus_golmart/template/product/detail/default.tpl on line 235
2016-03-05 23:03:06 - PHP Notice:  Undefined variable: booking in /home/lwmdosdz/public_html/catalog/view/theme/lexus_golmart/template/product/detail/default.tpl on line 235
2016-03-05 23:13:31 - PHP Notice:  Undefined variable: booking in /home/lwmdosdz/public_html/catalog/view/theme/lexus_golmart/template/product/detail/default.tpl on line 235
2016-03-05 23:19:58 - PHP Notice:  Undefined variable: booking in /home/lwmdosdz/public_html/catalog/view/theme/lexus_golmart/template/product/detail/default.tpl on line 235
2016-03-05 23:25:23 - PHP Notice:  Undefined variable: booking in /home/lwmdosdz/public_html/catalog/view/theme/lexus_golmart/template/product/detail/default.tpl on line 235
2016-03-05 23:27:40 - PHP Notice:  Undefined variable: booking in /home/lwmdosdz/public_html/catalog/view/theme/lexus_golmart/template/product/detail/default.tpl on line 235
2016-03-05 23:32:05 - PHP Notice:  Undefined variable: booking in /home/lwmdosdz/public_html/catalog/view/theme/lexus_golmart/template/product/detail/default.tpl on line 235
2016-03-05 23:40:20 - PHP Notice:  Undefined variable: booking in /home/lwmdosdz/public_html/catalog/view/theme/lexus_golmart/template/product/detail/default.tpl on line 235
2016-03-05 23:43:42 - PHP Notice:  Undefined variable: booking in /home/lwmdosdz/public_html/catalog/view/theme/lexus_golmart/template/product/detail/default.tpl on line 235
2016-03-05 23:58:56 - PHP Notice:  Undefined variable: booking in /home/lwmdosdz/public_html/catalog/view/theme/lexus_golmart/template/product/detail/default.tpl on line 235
2016-03-06 0:00:37 - PHP Notice:  Undefined variable: booking in /home/lwmdosdz/public_html/catalog/view/theme/lexus_golmart/template/product/detail/default.tpl on line 235
2016-03-06 0:10:48 - PHP Notice:  Undefined variable: booking in /home/lwmdosdz/public_html/catalog/view/theme/lexus_golmart/template/product/detail/default.tpl on line 235
2016-03-06 0:24:39 - PHP Notice:  Undefined variable: booking in /home/lwmdosdz/public_html/catalog/view/theme/lexus_golmart/template/product/detail/default.tpl on line 235
2016-03-06 0:27:30 - PHP Notice:  Undefined variable: booking in /home/lwmdosdz/public_html/catalog/view/theme/lexus_golmart/template/product/detail/default.tpl on line 235
2016-03-06 0:28:52 - PHP Notice:  Undefined variable: booking in /home/lwmdosdz/public_html/catalog/view/theme/lexus_golmart/template/product/detail/default.tpl on line 235
2016-03-06 0:39:19 - PHP Notice:  Undefined variable: booking in /home/lwmdosdz/public_html/catalog/view/theme/lexus_golmart/template/product/detail/default.tpl on line 235
2016-03-06 0:44:04 - PHP Notice:  Undefined variable: booking in /home/lwmdosdz/public_html/catalog/view/theme/lexus_golmart/template/product/detail/default.tpl on line 235
2016-03-06 0:50:14 - PHP Notice:  Undefined variable: booking in /home/lwmdosdz/public_html/catalog/view/theme/lexus_golmart/template/product/detail/default.tpl on line 235
2016-03-06 0:58:07 - PHP Notice:  Undefined variable: booking in /home/lwmdosdz/public_html/catalog/view/theme/lexus_golmart/template/product/detail/default.tpl on line 235
2016-03-06 1:06:12 - PHP Notice:  Undefined variable: booking in /home/lwmdosdz/public_html/catalog/view/theme/lexus_golmart/template/product/detail/default.tpl on line 235
2016-03-06 1:11:41 - PHP Notice:  Undefined variable: booking in /home/lwmdosdz/public_html/catalog/view/theme/lexus_golmart/template/product/detail/default.tpl on line 235
2016-03-06 1:22:39 - PHP Notice:  Undefined variable: booking in /home/lwmdosdz/public_html/catalog/view/theme/lexus_golmart/template/product/detail/default.tpl on line 235
2016-03-06 1:28:21 - PHP Notice:  Undefined variable: booking in /home/lwmdosdz/public_html/catalog/view/theme/lexus_golmart/template/product/detail/default.tpl on line 235
2016-03-06 1:37:42 - PHP Notice:  Undefined variable: booking in /home/lwmdosdz/public_html/catalog/view/theme/lexus_golmart/template/product/detail/default.tpl on line 235
2016-03-06 2:00:48 - PHP Notice:  Undefined variable: booking in /home/lwmdosdz/public_html/catalog/view/theme/lexus_golmart/template/product/detail/default.tpl on line 235
2016-03-06 2:15:01 - PHP Notice:  Undefined variable: booking in /home/lwmdosdz/public_html/catalog/view/theme/lexus_golmart/template/product/detail/default.tpl on line 235
2016-03-06 2:17:10 - PHP Notice:  Undefined variable: booking in /home/lwmdosdz/public_html/catalog/view/theme/lexus_golmart/template/product/detail/default.tpl on line 235
2016-03-06 2:28:56 - PHP Notice:  Undefined variable: booking in /home/lwmdosdz/public_html/catalog/view/theme/lexus_golmart/template/product/detail/default.tpl on line 235
2016-03-06 2:35:01 - PHP Notice:  Undefined variable: booking in /home/lwmdosdz/public_html/catalog/view/theme/lexus_golmart/template/product/detail/default.tpl on line 235
2016-03-06 2:45:39 - PHP Notice:  Undefined variable: booking in /home/lwmdosdz/public_html/catalog/view/theme/lexus_golmart/template/product/detail/default.tpl on line 235
2016-03-06 3:24:04 - PHP Notice:  Undefined variable: booking in /home/lwmdosdz/public_html/catalog/view/theme/lexus_golmart/template/product/detail/default.tpl on line 235
2016-03-06 3:35:55 - PHP Notice:  Undefined variable: booking in /home/lwmdosdz/public_html/catalog/view/theme/lexus_golmart/template/product/detail/default.tpl on line 235
2016-03-06 3:49:45 - PHP Notice:  Undefined variable: booking in /home/lwmdosdz/public_html/catalog/view/theme/lexus_golmart/template/product/detail/default.tpl on line 235
2016-03-06 3:50:55 - PHP Notice:  Undefined variable: booking in /home/lwmdosdz/public_html/catalog/view/theme/lexus_golmart/template/product/detail/default.tpl on line 235
2016-03-06 4:07:00 - PHP Notice:  Undefined variable: booking in /home/lwmdosdz/public_html/catalog/view/theme/lexus_golmart/template/product/detail/default.tpl on line 235
2016-03-06 4:18:54 - PHP Notice:  Undefined variable: booking in /home/lwmdosdz/public_html/catalog/view/theme/lexus_golmart/template/product/detail/default.tpl on line 235
2016-03-06 4:22:50 - PHP Notice:  Undefined variable: booking in /home/lwmdosdz/public_html/catalog/view/theme/lexus_golmart/template/product/detail/default.tpl on line 235
2016-03-06 4:31:02 - PHP Notice:  Undefined variable: booking in /home/lwmdosdz/public_html/catalog/view/theme/lexus_golmart/template/product/detail/default.tpl on line 235
2016-03-06 4:50:47 - PHP Notice:  Undefined variable: booking in /home/lwmdosdz/public_html/catalog/view/theme/lexus_golmart/template/product/detail/default.tpl on line 235
2016-03-06 5:00:52 - PHP Notice:  Undefined variable: booking in /home/lwmdosdz/public_html/catalog/view/theme/lexus_golmart/template/product/detail/default.tpl on line 235
2016-03-06 5:10:22 - PHP Notice:  Undefined variable: booking in /home/lwmdosdz/public_html/catalog/view/theme/lexus_golmart/template/product/detail/default.tpl on line 235
2016-03-06 5:18:22 - PHP Notice:  Undefined variable: booking in /home/lwmdosdz/public_html/catalog/view/theme/lexus_golmart/template/product/detail/default.tpl on line 235
2016-03-06 5:24:36 - PHP Notice:  Undefined variable: booking in /home/lwmdosdz/public_html/catalog/view/theme/lexus_golmart/template/product/detail/default.tpl on line 235
2016-03-06 5:29:56 - PHP Notice:  Undefined variable: booking in /home/lwmdosdz/public_html/catalog/view/theme/lexus_golmart/template/product/detail/default.tpl on line 235
2016-03-06 5:43:01 - PHP Notice:  Undefined variable: booking in /home/lwmdosdz/public_html/catalog/view/theme/lexus_golmart/template/product/detail/default.tpl on line 235
2016-03-06 5:48:33 - PHP Notice:  Undefined variable: booking in /home/lwmdosdz/public_html/catalog/view/theme/lexus_golmart/template/product/detail/default.tpl on line 235
2016-03-06 5:54:31 - PHP Notice:  Undefined variable: booking in /home/lwmdosdz/public_html/catalog/view/theme/lexus_golmart/template/product/detail/default.tpl on line 235
2016-03-06 6:01:14 - PHP Notice:  Undefined variable: booking in /home/lwmdosdz/public_html/catalog/view/theme/lexus_golmart/template/product/detail/default.tpl on line 235
2016-03-06 6:18:04 - PHP Notice:  Undefined variable: booking in /home/lwmdosdz/public_html/catalog/view/theme/lexus_golmart/template/product/detail/default.tpl on line 235
2016-03-06 7:58:01 - PHP Notice:  Undefined variable: booking in /home/lwmdosdz/public_html/catalog/view/theme/lexus_golmart/template/product/detail/default.tpl on line 235
2016-03-06 8:06:02 - PHP Notice:  Undefined variable: booking in /home/lwmdosdz/public_html/catalog/view/theme/lexus_golmart/template/product/detail/default.tpl on line 235
2016-03-06 8:14:28 - PHP Notice:  Undefined variable: booking in /home/lwmdosdz/public_html/catalog/view/theme/lexus_golmart/template/product/detail/default.tpl on line 235
2016-03-06 8:18:51 - PHP Notice:  Undefined variable: booking in /home/lwmdosdz/public_html/catalog/view/theme/lexus_golmart/template/product/detail/default.tpl on line 235
2016-03-06 8:24:00 - PHP Notice:  Undefined variable: booking in /home/lwmdosdz/public_html/catalog/view/theme/lexus_golmart/template/product/detail/default.tpl on line 235
2016-03-06 8:33:51 - PHP Notice:  Undefined variable: booking in /home/lwmdosdz/public_html/catalog/view/theme/lexus_golmart/template/product/detail/default.tpl on line 235
2016-03-06 8:39:13 - PHP Notice:  Undefined variable: booking in /home/lwmdosdz/public_html/catalog/view/theme/lexus_golmart/template/product/detail/default.tpl on line 235
2016-03-06 8:42:30 - PHP Notice:  Undefined variable: booking in /home/lwmdosdz/public_html/catalog/view/theme/lexus_golmart/template/product/detail/default.tpl on line 235
2016-03-06 8:54:53 - PHP Notice:  Undefined variable: booking in /home/lwmdosdz/public_html/catalog/view/theme/lexus_golmart/template/product/detail/default.tpl on line 235
2016-03-06 9:02:54 - PHP Notice:  Undefined variable: booking in /home/lwmdosdz/public_html/catalog/view/theme/lexus_golmart/template/product/detail/default.tpl on line 235
2016-03-06 9:09:53 - PHP Notice:  Undefined variable: booking in /home/lwmdosdz/public_html/catalog/view/theme/lexus_golmart/template/product/detail/default.tpl on line 235
2016-03-06 9:26:09 - PHP Notice:  Undefined variable: booking in /home/lwmdosdz/public_html/catalog/view/theme/lexus_golmart/template/product/detail/default.tpl on line 235
2016-03-06 9:51:12 - PHP Notice:  Undefined variable: booking in /home/lwmdosdz/public_html/catalog/view/theme/lexus_golmart/template/product/detail/default.tpl on line 235
2016-03-06 9:56:36 - PHP Notice:  Undefined variable: booking in /home/lwmdosdz/public_html/catalog/view/theme/lexus_golmart/template/product/detail/default.tpl on line 235
2016-03-06 10:45:58 - PHP Notice:  Undefined variable: booking in /home/lwmdosdz/public_html/catalog/view/theme/lexus_golmart/template/product/detail/default.tpl on line 235
2016-03-06 10:54:40 - PHP Notice:  Undefined variable: booking in /home/lwmdosdz/public_html/catalog/view/theme/lexus_golmart/template/product/detail/default.tpl on line 235
2016-03-06 11:00:32 - PHP Notice:  Undefined variable: booking in /home/lwmdosdz/public_html/catalog/view/theme/lexus_golmart/template/product/detail/default.tpl on line 235
2016-03-06 11:05:47 - PHP Notice:  Undefined variable: booking in /home/lwmdosdz/public_html/catalog/view/theme/lexus_golmart/template/product/detail/default.tpl on line 235
2016-03-06 11:39:27 - PHP Notice:  Undefined variable: booking in /home/lwmdosdz/public_html/catalog/view/theme/lexus_golmart/template/product/detail/default.tpl on line 235
2016-03-06 12:07:18 - PHP Notice:  Undefined variable: booking in /home/lwmdosdz/public_html/catalog/view/theme/lexus_golmart/template/product/detail/default.tpl on line 235
2016-03-06 12:45:59 - PHP Notice:  Undefined variable: booking in /home/lwmdosdz/public_html/catalog/view/theme/lexus_golmart/template/product/detail/default.tpl on line 235
2016-03-06 12:54:24 - PHP Notice:  Undefined variable: booking in /home/lwmdosdz/public_html/catalog/view/theme/lexus_golmart/template/product/detail/default.tpl on line 235
2016-03-06 13:30:44 - PHP Notice:  Undefined variable: booking in /home/lwmdosdz/public_html/catalog/view/theme/lexus_golmart/template/product/detail/default.tpl on line 235
2016-03-06 13:46:29 - PHP Notice:  Undefined variable: booking in /home/lwmdosdz/public_html/catalog/view/theme/lexus_golmart/template/product/detail/default.tpl on line 235
2016-03-06 13:56:10 - PHP Notice:  Undefined variable: booking in /home/lwmdosdz/public_html/catalog/view/theme/lexus_golmart/template/product/detail/default.tpl on line 235
2016-03-06 14:31:58 - PHP Notice:  Undefined variable: booking in /home/lwmdosdz/public_html/catalog/view/theme/lexus_golmart/template/product/detail/default.tpl on line 235
2016-03-06 14:50:31 - PHP Notice:  Undefined variable: booking in /home/lwmdosdz/public_html/catalog/view/theme/lexus_golmart/template/product/detail/default.tpl on line 235
2016-03-06 14:55:23 - PHP Notice:  Undefined variable: booking in /home/lwmdosdz/public_html/catalog/view/theme/lexus_golmart/template/product/detail/default.tpl on line 235
2016-03-06 14:58:17 - PHP Notice:  Undefined variable: booking in /home/lwmdosdz/public_html/catalog/view/theme/lexus_golmart/template/product/detail/default.tpl on line 235
2016-03-06 15:08:54 - PHP Notice:  Undefined variable: booking in /home/lwmdosdz/public_html/catalog/view/theme/lexus_golmart/template/product/detail/default.tpl on line 235
2016-03-06 15:21:22 - PHP Notice:  Undefined variable: booking in /home/lwmdosdz/public_html/catalog/view/theme/lexus_golmart/template/product/detail/default.tpl on line 235
2016-03-06 15:37:13 - PHP Notice:  Undefined variable: booking in /home/lwmdosdz/public_html/catalog/view/theme/lexus_golmart/template/product/detail/default.tpl on line 235
2016-03-06 16:00:56 - PHP Notice:  Undefined variable: booking in /home/lwmdosdz/public_html/catalog/view/theme/lexus_golmart/template/product/detail/default.tpl on line 235
2016-03-06 16:08:29 - PHP Notice:  Undefined variable: booking in /home/lwmdosdz/public_html/catalog/view/theme/lexus_golmart/template/product/detail/default.tpl on line 235
2016-03-06 16:15:47 - PHP Notice:  Undefined variable: booking in /home/lwmdosdz/public_html/catalog/view/theme/lexus_golmart/template/product/detail/default.tpl on line 235
2016-03-06 16:24:35 - PHP Notice:  Undefined variable: booking in /home/lwmdosdz/public_html/catalog/view/theme/lexus_golmart/template/product/detail/default.tpl on line 235
2016-03-06 17:15:18 - PHP Notice:  Undefined variable: booking in /home/lwmdosdz/public_html/catalog/view/theme/lexus_golmart/template/product/detail/default.tpl on line 235
2016-03-06 17:45:36 - PHP Notice:  Undefined variable: booking in /home/lwmdosdz/public_html/catalog/view/theme/lexus_golmart/template/product/detail/default.tpl on line 235
2016-03-06 18:04:45 - PHP Notice:  Undefined variable: booking in /home/lwmdosdz/public_html/catalog/view/theme/lexus_golmart/template/product/detail/default.tpl on line 235
2016-03-06 18:21:24 - PHP Notice:  Undefined variable: booking in /home/lwmdosdz/public_html/catalog/view/theme/lexus_golmart/template/product/detail/default.tpl on line 235
2016-03-06 18:39:50 - PHP Notice:  Undefined variable: booking in /home/lwmdosdz/public_html/catalog/view/theme/lexus_golmart/template/product/detail/default.tpl on line 235
2016-03-06 18:48:21 - PHP Notice:  Undefined variable: booking in /home/lwmdosdz/public_html/catalog/view/theme/lexus_golmart/template/product/detail/default.tpl on line 235
2016-03-06 18:53:30 - PHP Notice:  Undefined variable: booking in /home/lwmdosdz/public_html/catalog/view/theme/lexus_golmart/template/product/detail/default.tpl on line 235
2016-03-06 19:02:07 - PHP Notice:  Undefined variable: booking in /home/lwmdosdz/public_html/catalog/view/theme/lexus_golmart/template/product/detail/default.tpl on line 235
2016-03-06 19:10:40 - PHP Notice:  Undefined variable: booking in /home/lwmdosdz/public_html/catalog/view/theme/lexus_golmart/template/product/detail/default.tpl on line 235
2016-03-06 19:17:23 - PHP Notice:  Undefined variable: booking in /home/lwmdosdz/public_html/catalog/view/theme/lexus_golmart/template/product/detail/default.tpl on line 235
2016-03-06 19:36:51 - PHP Notice:  Undefined variable: booking in /home/lwmdosdz/public_html/catalog/view/theme/lexus_golmart/template/product/detail/default.tpl on line 235
2016-03-06 21:38:53 - PHP Notice:  Undefined variable: booking in /home/lwmdosdz/public_html/catalog/view/theme/lexus_golmart/template/product/detail/default.tpl on line 235
2016-03-06 21:48:22 - PHP Notice:  Undefined variable: booking in /home/lwmdosdz/public_html/catalog/view/theme/lexus_golmart/template/product/detail/default.tpl on line 235
2016-03-06 22:09:50 - PHP Notice:  Undefined variable: booking in /home/lwmdosdz/public_html/catalog/view/theme/lexus_golmart/template/product/detail/default.tpl on line 235
2016-03-06 22:14:55 - PHP Notice:  Undefined variable: booking in /home/lwmdosdz/public_html/catalog/view/theme/lexus_golmart/template/product/detail/default.tpl on line 235
2016-03-06 22:25:45 - PHP Notice:  Undefined variable: booking in /home/lwmdosdz/public_html/catalog/view/theme/lexus_golmart/template/product/detail/default.tpl on line 235
2016-03-06 22:45:16 - PHP Notice:  Undefined variable: booking in /home/lwmdosdz/public_html/catalog/view/theme/lexus_golmart/template/product/detail/default.tpl on line 235
2016-03-06 22:53:25 - PHP Notice:  Undefined variable: booking in /home/lwmdosdz/public_html/catalog/view/theme/lexus_golmart/template/product/detail/default.tpl on line 235
2016-03-06 23:03:54 - PHP Notice:  Undefined variable: booking in /home/lwmdosdz/public_html/catalog/view/theme/lexus_golmart/template/product/detail/default.tpl on line 235
2016-03-06 23:28:32 - PHP Notice:  Undefined variable: booking in /home/lwmdosdz/public_html/catalog/view/theme/lexus_golmart/template/product/detail/default.tpl on line 235
2016-03-06 23:33:43 - PHP Notice:  Undefined variable: booking in /home/lwmdosdz/public_html/catalog/view/theme/lexus_golmart/template/product/detail/default.tpl on line 235
2016-03-06 23:42:06 - PHP Notice:  Undefined variable: booking in /home/lwmdosdz/public_html/catalog/view/theme/lexus_golmart/template/product/detail/default.tpl on line 235
2016-03-06 23:54:55 - PHP Notice:  Undefined variable: booking in /home/lwmdosdz/public_html/catalog/view/theme/lexus_golmart/template/product/detail/default.tpl on line 235
2016-03-07 0:21:43 - PHP Notice:  Undefined variable: booking in /home/lwmdosdz/public_html/catalog/view/theme/lexus_golmart/template/product/detail/default.tpl on line 235
2016-03-07 0:41:07 - PHP Notice:  Undefined variable: booking in /home/lwmdosdz/public_html/catalog/view/theme/lexus_golmart/template/product/detail/default.tpl on line 235
2016-03-07 0:49:38 - PHP Notice:  Undefined variable: booking in /home/lwmdosdz/public_html/catalog/view/theme/lexus_golmart/template/product/detail/default.tpl on line 235
2016-03-07 1:04:53 - PHP Notice:  Undefined variable: booking in /home/lwmdosdz/public_html/catalog/view/theme/lexus_golmart/template/product/detail/default.tpl on line 235
2016-03-07 1:09:25 - PHP Notice:  Undefined variable: booking in /home/lwmdosdz/public_html/catalog/view/theme/lexus_golmart/template/product/detail/default.tpl on line 235
2016-03-07 1:35:19 - PHP Notice:  Undefined variable: booking in /home/lwmdosdz/public_html/catalog/view/theme/lexus_golmart/template/product/detail/default.tpl on line 235
2016-03-07 1:42:31 - PHP Notice:  Undefined variable: booking in /home/lwmdosdz/public_html/catalog/view/theme/lexus_golmart/template/product/detail/default.tpl on line 235
2016-03-07 1:46:32 - PHP Notice:  Undefined variable: booking in /home/lwmdosdz/public_html/catalog/view/theme/lexus_golmart/template/product/detail/default.tpl on line 235
2016-03-07 1:57:48 - PHP Notice:  Undefined variable: booking in /home/lwmdosdz/public_html/catalog/view/theme/lexus_golmart/template/product/detail/default.tpl on line 235
2016-03-07 2:19:36 - PHP Notice:  Undefined variable: booking in /home/lwmdosdz/public_html/catalog/view/theme/lexus_golmart/template/product/detail/default.tpl on line 235
2016-03-07 2:24:33 - PHP Notice:  Undefined variable: booking in /home/lwmdosdz/public_html/catalog/view/theme/lexus_golmart/template/product/detail/default.tpl on line 235
2016-03-07 2:27:50 - PHP Notice:  Undefined variable: booking in /home/lwmdosdz/public_html/catalog/view/theme/lexus_golmart/template/product/detail/default.tpl on line 235
2016-03-07 2:37:10 - PHP Notice:  Undefined variable: booking in /home/lwmdosdz/public_html/catalog/view/theme/lexus_golmart/template/product/detail/default.tpl on line 235
2016-03-07 2:53:36 - PHP Notice:  Undefined variable: booking in /home/lwmdosdz/public_html/catalog/view/theme/lexus_golmart/template/product/detail/default.tpl on line 235
2016-03-07 3:02:28 - PHP Notice:  Undefined variable: booking in /home/lwmdosdz/public_html/catalog/view/theme/lexus_golmart/template/product/detail/default.tpl on line 235
2016-03-07 3:08:01 - PHP Notice:  Undefined variable: booking in /home/lwmdosdz/public_html/catalog/view/theme/lexus_golmart/template/product/detail/default.tpl on line 235
2016-03-07 3:15:51 - PHP Notice:  Undefined variable: booking in /home/lwmdosdz/public_html/catalog/view/theme/lexus_golmart/template/product/detail/default.tpl on line 235
2016-03-07 3:30:26 - PHP Notice:  Undefined variable: booking in /home/lwmdosdz/public_html/catalog/view/theme/lexus_golmart/template/product/detail/default.tpl on line 235
2016-03-07 3:36:41 - PHP Notice:  Undefined variable: booking in /home/lwmdosdz/public_html/catalog/view/theme/lexus_golmart/template/product/detail/default.tpl on line 235
2016-03-07 3:41:22 - PHP Notice:  Undefined variable: booking in /home/lwmdosdz/public_html/catalog/view/theme/lexus_golmart/template/product/detail/default.tpl on line 235
2016-03-07 3:53:37 - PHP Notice:  Undefined variable: booking in /home/lwmdosdz/public_html/catalog/view/theme/lexus_golmart/template/product/detail/default.tpl on line 235
2016-03-07 12:08:29 - PHP Notice:  Undefined variable: booking in /home/lwmdosdz/public_html/catalog/view/theme/lexus_golmart/template/product/detail/default.tpl on line 235
2016-03-07 12:33:53 - PHP Notice:  Undefined variable: booking in /home/lwmdosdz/public_html/catalog/view/theme/lexus_golmart/template/product/detail/default.tpl on line 235
2016-03-07 12:44:16 - PHP Notice:  Undefined variable: booking in /home/lwmdosdz/public_html/catalog/view/theme/lexus_golmart/template/product/detail/default.tpl on line 235
2016-03-07 13:41:23 - PHP Notice:  Undefined variable: booking in /home/lwmdosdz/public_html/catalog/view/theme/lexus_golmart/template/product/detail/default.tpl on line 235
2016-03-07 13:42:02 - PHP Notice:  Undefined variable: booking in /home/lwmdosdz/public_html/catalog/view/theme/lexus_golmart/template/product/detail/default.tpl on line 235
2016-03-07 15:52:55 - PHP Notice:  Undefined variable: booking in /home/lwmdosdz/public_html/catalog/view/theme/lexus_golmart/template/product/detail/default.tpl on line 235
2016-03-07 17:31:20 - PHP Notice:  Undefined variable: booking in /home/lwmdosdz/public_html/catalog/view/theme/lexus_golmart/template/product/detail/default.tpl on line 235
2016-03-07 23:55:16 - PHP Notice:  Undefined variable: booking in /home/lwmdosdz/public_html/catalog/view/theme/lexus_golmart/template/product/detail/default.tpl on line 235
2016-03-08 0:01:05 - PHP Notice:  Undefined variable: booking in /home/lwmdosdz/public_html/catalog/view/theme/lexus_golmart/template/product/detail/default.tpl on line 235
2016-03-08 0:12:40 - PHP Notice:  Undefined variable: booking in /home/lwmdosdz/public_html/catalog/view/theme/lexus_golmart/template/product/detail/default.tpl on line 235
2016-03-08 0:30:29 - PHP Notice:  Undefined variable: booking in /home/lwmdosdz/public_html/catalog/view/theme/lexus_golmart/template/product/detail/default.tpl on line 235
2016-03-08 0:34:02 - PHP Notice:  Undefined variable: booking in /home/lwmdosdz/public_html/catalog/view/theme/lexus_golmart/template/product/detail/default.tpl on line 235
2016-03-08 0:47:47 - PHP Notice:  Undefined variable: booking in /home/lwmdosdz/public_html/catalog/view/theme/lexus_golmart/template/product/detail/default.tpl on line 235
2016-03-08 0:55:30 - PHP Notice:  Undefined variable: booking in /home/lwmdosdz/public_html/catalog/view/theme/lexus_golmart/template/product/detail/default.tpl on line 235
2016-03-08 1:05:10 - PHP Notice:  Undefined variable: booking in /home/lwmdosdz/public_html/catalog/view/theme/lexus_golmart/template/product/detail/default.tpl on line 235
2016-03-08 1:10:43 - PHP Notice:  Undefined variable: booking in /home/lwmdosdz/public_html/catalog/view/theme/lexus_golmart/template/product/detail/default.tpl on line 235
2016-03-08 1:21:15 - PHP Notice:  Undefined variable: booking in /home/lwmdosdz/public_html/catalog/view/theme/lexus_golmart/template/product/detail/default.tpl on line 235
2016-03-08 1:34:48 - PHP Notice:  Undefined variable: booking in /home/lwmdosdz/public_html/catalog/view/theme/lexus_golmart/template/product/detail/default.tpl on line 235
2016-03-08 1:50:53 - PHP Notice:  Undefined variable: booking in /home/lwmdosdz/public_html/catalog/view/theme/lexus_golmart/template/product/detail/default.tpl on line 235
2016-03-08 2:18:18 - PHP Notice:  Undefined variable: booking in /home/lwmdosdz/public_html/catalog/view/theme/lexus_golmart/template/product/detail/default.tpl on line 235
2016-03-08 2:25:55 - PHP Notice:  Undefined variable: booking in /home/lwmdosdz/public_html/catalog/view/theme/lexus_golmart/template/product/detail/default.tpl on line 235
2016-03-08 2:44:10 - PHP Notice:  Undefined variable: booking in /home/lwmdosdz/public_html/catalog/view/theme/lexus_golmart/template/product/detail/default.tpl on line 235
2016-03-08 2:50:57 - PHP Notice:  Undefined variable: booking in /home/lwmdosdz/public_html/catalog/view/theme/lexus_golmart/template/product/detail/default.tpl on line 235
2016-03-08 2:55:55 - PHP Notice:  Undefined variable: booking in /home/lwmdosdz/public_html/catalog/view/theme/lexus_golmart/template/product/detail/default.tpl on line 235
2016-03-08 2:57:01 - PHP Notice:  Undefined variable: booking in /home/lwmdosdz/public_html/catalog/view/theme/lexus_golmart/template/product/detail/default.tpl on line 235
2016-03-08 3:08:26 - PHP Notice:  Undefined variable: booking in /home/lwmdosdz/public_html/catalog/view/theme/lexus_golmart/template/product/detail/default.tpl on line 235
2016-03-08 3:30:24 - PHP Notice:  Undefined variable: booking in /home/lwmdosdz/public_html/catalog/view/theme/lexus_golmart/template/product/detail/default.tpl on line 235
2016-03-08 3:35:15 - PHP Notice:  Undefined variable: booking in /home/lwmdosdz/public_html/catalog/view/theme/lexus_golmart/template/product/detail/default.tpl on line 235
2016-03-08 3:37:57 - PHP Notice:  Undefined variable: booking in /home/lwmdosdz/public_html/catalog/view/theme/lexus_golmart/template/product/detail/default.tpl on line 235
2016-03-08 3:51:25 - PHP Notice:  Undefined variable: booking in /home/lwmdosdz/public_html/catalog/view/theme/lexus_golmart/template/product/detail/default.tpl on line 235
2016-03-08 3:58:29 - PHP Notice:  Undefined variable: booking in /home/lwmdosdz/public_html/catalog/view/theme/lexus_golmart/template/product/detail/default.tpl on line 235
2016-03-08 4:02:40 - PHP Notice:  Undefined variable: booking in /home/lwmdosdz/public_html/catalog/view/theme/lexus_golmart/template/product/detail/default.tpl on line 235
2016-03-08 4:16:09 - PHP Notice:  Undefined variable: booking in /home/lwmdosdz/public_html/catalog/view/theme/lexus_golmart/template/product/detail/default.tpl on line 235
2016-03-08 4:34:56 - PHP Notice:  Undefined variable: booking in /home/lwmdosdz/public_html/catalog/view/theme/lexus_golmart/template/product/detail/default.tpl on line 235
2016-03-08 4:36:56 - PHP Notice:  Undefined variable: booking in /home/lwmdosdz/public_html/catalog/view/theme/lexus_golmart/template/product/detail/default.tpl on line 235
2016-03-08 4:42:55 - PHP Notice:  Undefined variable: booking in /home/lwmdosdz/public_html/catalog/view/theme/lexus_golmart/template/product/detail/default.tpl on line 235
2016-03-08 4:48:30 - PHP Notice:  Undefined variable: booking in /home/lwmdosdz/public_html/catalog/view/theme/lexus_golmart/template/product/detail/default.tpl on line 235
2016-03-08 5:01:11 - PHP Notice:  Undefined variable: booking in /home/lwmdosdz/public_html/catalog/view/theme/lexus_golmart/template/product/detail/default.tpl on line 235
2016-03-08 5:05:30 - PHP Notice:  Undefined variable: booking in /home/lwmdosdz/public_html/catalog/view/theme/lexus_golmart/template/product/detail/default.tpl on line 235
2016-03-08 5:10:16 - PHP Notice:  Undefined variable: booking in /home/lwmdosdz/public_html/catalog/view/theme/lexus_golmart/template/product/detail/default.tpl on line 235
2016-03-08 5:10:51 - PHP Notice:  Undefined variable: booking in /home/lwmdosdz/public_html/catalog/view/theme/lexus_golmart/template/product/detail/default.tpl on line 235
2016-03-08 5:15:07 - PHP Notice:  Undefined variable: booking in /home/lwmdosdz/public_html/catalog/view/theme/lexus_golmart/template/product/detail/default.tpl on line 235
2016-03-08 5:26:04 - PHP Notice:  Undefined variable: booking in /home/lwmdosdz/public_html/catalog/view/theme/lexus_golmart/template/product/detail/default.tpl on line 235
2016-03-08 5:27:37 - PHP Notice:  Undefined variable: booking in /home/lwmdosdz/public_html/catalog/view/theme/lexus_golmart/template/product/detail/default.tpl on line 235
2016-03-08 5:37:43 - PHP Notice:  Undefined variable: booking in /home/lwmdosdz/public_html/catalog/view/theme/lexus_golmart/template/product/detail/default.tpl on line 235
2016-03-08 5:37:48 - PHP Notice:  Undefined variable: booking in /home/lwmdosdz/public_html/catalog/view/theme/lexus_golmart/template/product/detail/default.tpl on line 235
2016-03-08 5:37:53 - PHP Notice:  Undefined variable: booking in /home/lwmdosdz/public_html/catalog/view/theme/lexus_golmart/template/product/detail/default.tpl on line 235
2016-03-08 5:38:00 - PHP Notice:  Undefined variable: booking in /home/lwmdosdz/public_html/catalog/view/theme/lexus_golmart/template/product/detail/default.tpl on line 235
2016-03-08 5:38:05 - PHP Notice:  Undefined variable: booking in /home/lwmdosdz/public_html/catalog/view/theme/lexus_golmart/template/product/detail/default.tpl on line 235
2016-03-08 5:38:10 - PHP Notice:  Undefined variable: booking in /home/lwmdosdz/public_html/catalog/view/theme/lexus_golmart/template/product/detail/default.tpl on line 235
2016-03-08 5:38:28 - PHP Notice:  Undefined variable: booking in /home/lwmdosdz/public_html/catalog/view/theme/lexus_golmart/template/product/detail/default.tpl on line 235
2016-03-08 5:38:50 - PHP Notice:  Undefined variable: booking in /home/lwmdosdz/public_html/catalog/view/theme/lexus_golmart/template/product/detail/default.tpl on line 235
2016-03-08 5:38:55 - PHP Notice:  Undefined variable: booking in /home/lwmdosdz/public_html/catalog/view/theme/lexus_golmart/template/product/detail/default.tpl on line 235
2016-03-08 5:39:02 - PHP Notice:  Undefined variable: booking in /home/lwmdosdz/public_html/catalog/view/theme/lexus_golmart/template/product/detail/default.tpl on line 235
2016-03-08 5:39:07 - PHP Notice:  Undefined variable: booking in /home/lwmdosdz/public_html/catalog/view/theme/lexus_golmart/template/product/detail/default.tpl on line 235
2016-03-08 5:39:12 - PHP Notice:  Undefined variable: booking in /home/lwmdosdz/public_html/catalog/view/theme/lexus_golmart/template/product/detail/default.tpl on line 235
2016-03-08 5:39:17 - PHP Notice:  Undefined variable: booking in /home/lwmdosdz/public_html/catalog/view/theme/lexus_golmart/template/product/detail/default.tpl on line 235
2016-03-08 5:39:22 - PHP Notice:  Undefined variable: booking in /home/lwmdosdz/public_html/catalog/view/theme/lexus_golmart/template/product/detail/default.tpl on line 235
2016-03-08 5:39:27 - PHP Notice:  Undefined variable: booking in /home/lwmdosdz/public_html/catalog/view/theme/lexus_golmart/template/product/detail/default.tpl on line 235
2016-03-08 5:39:33 - PHP Notice:  Undefined variable: booking in /home/lwmdosdz/public_html/catalog/view/theme/lexus_golmart/template/product/detail/default.tpl on line 235
2016-03-08 5:39:38 - PHP Notice:  Undefined variable: booking in /home/lwmdosdz/public_html/catalog/view/theme/lexus_golmart/template/product/detail/default.tpl on line 235
2016-03-08 5:39:43 - PHP Notice:  Undefined variable: booking in /home/lwmdosdz/public_html/catalog/view/theme/lexus_golmart/template/product/detail/default.tpl on line 235
2016-03-08 5:43:02 - PHP Notice:  Undefined variable: booking in /home/lwmdosdz/public_html/catalog/view/theme/lexus_golmart/template/product/detail/default.tpl on line 235
2016-03-08 5:46:10 - PHP Notice:  Undefined variable: booking in /home/lwmdosdz/public_html/catalog/view/theme/lexus_golmart/template/product/detail/default.tpl on line 235
2016-03-08 6:03:30 - PHP Notice:  Undefined variable: booking in /home/lwmdosdz/public_html/catalog/view/theme/lexus_golmart/template/product/detail/default.tpl on line 235
2016-03-08 6:07:12 - PHP Notice:  Undefined variable: booking in /home/lwmdosdz/public_html/catalog/view/theme/lexus_golmart/template/product/detail/default.tpl on line 235
2016-03-08 6:17:49 - PHP Notice:  Undefined variable: booking in /home/lwmdosdz/public_html/catalog/view/theme/lexus_golmart/template/product/detail/default.tpl on line 235
2016-03-08 7:05:04 - PHP Notice:  Undefined variable: booking in /home/lwmdosdz/public_html/catalog/view/theme/lexus_golmart/template/product/detail/default.tpl on line 235
2016-03-08 7:25:07 - PHP Notice:  Undefined variable: booking in /home/lwmdosdz/public_html/catalog/view/theme/lexus_golmart/template/product/detail/default.tpl on line 235
2016-03-08 7:41:53 - PHP Notice:  Undefined variable: booking in /home/lwmdosdz/public_html/catalog/view/theme/lexus_golmart/template/product/detail/default.tpl on line 235
2016-03-08 7:58:23 - PHP Notice:  Undefined variable: booking in /home/lwmdosdz/public_html/catalog/view/theme/lexus_golmart/template/product/detail/default.tpl on line 235
2016-03-08 8:25:51 - PHP Notice:  Undefined variable: booking in /home/lwmdosdz/public_html/catalog/view/theme/lexus_golmart/template/product/detail/default.tpl on line 235
2016-03-08 8:33:49 - PHP Notice:  Undefined variable: booking in /home/lwmdosdz/public_html/catalog/view/theme/lexus_golmart/template/product/detail/default.tpl on line 235
2016-03-08 8:39:52 - PHP Notice:  Undefined variable: booking in /home/lwmdosdz/public_html/catalog/view/theme/lexus_golmart/template/product/detail/default.tpl on line 235
2016-03-08 8:50:19 - PHP Notice:  Undefined variable: booking in /home/lwmdosdz/public_html/catalog/view/theme/lexus_golmart/template/product/detail/default.tpl on line 235
2016-03-08 8:55:01 - PHP Notice:  Undefined variable: booking in /home/lwmdosdz/public_html/catalog/view/theme/lexus_golmart/template/product/detail/default.tpl on line 235
2016-03-08 9:00:09 - PHP Notice:  Undefined variable: booking in /home/lwmdosdz/public_html/catalog/view/theme/lexus_golmart/template/product/detail/default.tpl on line 235
2016-03-08 9:09:38 - PHP Notice:  Undefined variable: booking in /home/lwmdosdz/public_html/catalog/view/theme/lexus_golmart/template/product/detail/default.tpl on line 235
2016-03-08 9:20:32 - PHP Notice:  Undefined variable: booking in /home/lwmdosdz/public_html/catalog/view/theme/lexus_golmart/template/product/detail/default.tpl on line 235
2016-03-08 9:30:32 - PHP Notice:  Undefined variable: booking in /home/lwmdosdz/public_html/catalog/view/theme/lexus_golmart/template/product/detail/default.tpl on line 235
2016-03-08 9:43:57 - PHP Notice:  Undefined variable: booking in /home/lwmdosdz/public_html/catalog/view/theme/lexus_golmart/template/product/detail/default.tpl on line 235
2016-03-08 9:51:49 - PHP Notice:  Undefined variable: booking in /home/lwmdosdz/public_html/catalog/view/theme/lexus_golmart/template/product/detail/default.tpl on line 235
2016-03-08 9:58:26 - PHP Notice:  Undefined variable: booking in /home/lwmdosdz/public_html/catalog/view/theme/lexus_golmart/template/product/detail/default.tpl on line 235
2016-03-08 10:13:37 - PHP Notice:  Undefined variable: booking in /home/lwmdosdz/public_html/catalog/view/theme/lexus_golmart/template/product/detail/default.tpl on line 235
2016-03-08 10:44:03 - PHP Notice:  Undefined variable: booking in /home/lwmdosdz/public_html/catalog/view/theme/lexus_golmart/template/product/detail/default.tpl on line 235
2016-03-08 11:10:40 - PHP Notice:  Undefined variable: booking in /home/lwmdosdz/public_html/catalog/view/theme/lexus_golmart/template/product/detail/default.tpl on line 235
2016-03-08 11:20:08 - PHP Notice:  Undefined variable: booking in /home/lwmdosdz/public_html/catalog/view/theme/lexus_golmart/template/product/detail/default.tpl on line 235
2016-03-08 11:25:24 - PHP Notice:  Undefined variable: booking in /home/lwmdosdz/public_html/catalog/view/theme/lexus_golmart/template/product/detail/default.tpl on line 235
2016-03-08 14:21:13 - PHP Notice:  Undefined variable: booking in /home/lwmdosdz/public_html/catalog/view/theme/lexus_golmart/template/product/detail/default.tpl on line 235
2016-03-08 14:56:02 - PHP Notice:  Undefined variable: booking in /home/lwmdosdz/public_html/catalog/view/theme/lexus_golmart/template/product/detail/default.tpl on line 235
2016-03-08 15:05:56 - PHP Notice:  Undefined variable: booking in /home/lwmdosdz/public_html/catalog/view/theme/lexus_golmart/template/product/detail/default.tpl on line 235
2016-03-08 15:21:16 - PHP Notice:  Undefined variable: booking in /home/lwmdosdz/public_html/catalog/view/theme/lexus_golmart/template/product/detail/default.tpl on line 235
2016-03-08 15:30:33 - PHP Notice:  Undefined variable: booking in /home/lwmdosdz/public_html/catalog/view/theme/lexus_golmart/template/product/detail/default.tpl on line 235
2016-03-08 15:35:22 - PHP Notice:  Undefined variable: booking in /home/lwmdosdz/public_html/catalog/view/theme/lexus_golmart/template/product/detail/default.tpl on line 235
2016-03-08 15:39:01 - PHP Notice:  Undefined variable: booking in /home/lwmdosdz/public_html/catalog/view/theme/lexus_golmart/template/product/detail/default.tpl on line 235
2016-03-08 15:44:31 - PHP Notice:  Undefined variable: booking in /home/lwmdosdz/public_html/catalog/view/theme/lexus_golmart/template/product/detail/default.tpl on line 235
2016-03-08 15:47:04 - PHP Notice:  Undefined variable: booking in /home/lwmdosdz/public_html/catalog/view/theme/lexus_golmart/template/product/detail/default.tpl on line 235
2016-03-08 15:47:14 - PHP Notice:  Undefined variable: booking in /home/lwmdosdz/public_html/catalog/view/theme/lexus_golmart/template/product/detail/default.tpl on line 235
2016-03-08 15:59:17 - PHP Notice:  Undefined variable: booking in /home/lwmdosdz/public_html/catalog/view/theme/lexus_golmart/template/product/detail/default.tpl on line 235
2016-03-08 16:04:19 - PHP Notice:  Undefined variable: booking in /home/lwmdosdz/public_html/catalog/view/theme/lexus_golmart/template/product/detail/default.tpl on line 235
2016-03-08 16:09:42 - PHP Notice:  Undefined variable: booking in /home/lwmdosdz/public_html/catalog/view/theme/lexus_golmart/template/product/detail/default.tpl on line 235
2016-03-08 16:11:19 - PHP Notice:  Undefined variable: booking in /home/lwmdosdz/public_html/catalog/view/theme/lexus_golmart/template/product/detail/default.tpl on line 235
2016-03-08 16:15:06 - PHP Notice:  Undefined variable: booking in /home/lwmdosdz/public_html/catalog/view/theme/lexus_golmart/template/product/detail/default.tpl on line 235
2016-03-08 16:20:24 - PHP Notice:  Undefined variable: booking in /home/lwmdosdz/public_html/catalog/view/theme/lexus_golmart/template/product/detail/default.tpl on line 235
2016-03-08 16:26:49 - PHP Notice:  Undefined variable: booking in /home/lwmdosdz/public_html/catalog/view/theme/lexus_golmart/template/product/detail/default.tpl on line 235
2016-03-08 16:40:55 - PHP Notice:  Undefined variable: booking in /home/lwmdosdz/public_html/catalog/view/theme/lexus_golmart/template/product/detail/default.tpl on line 235
2016-03-08 16:48:09 - PHP Notice:  Undefined variable: booking in /home/lwmdosdz/public_html/catalog/view/theme/lexus_golmart/template/product/detail/default.tpl on line 235
2016-03-08 16:51:06 - PHP Notice:  Undefined variable: booking in /home/lwmdosdz/public_html/catalog/view/theme/lexus_golmart/template/product/detail/default.tpl on line 235
2016-03-08 16:54:40 - PHP Notice:  Undefined variable: booking in /home/lwmdosdz/public_html/catalog/view/theme/lexus_golmart/template/product/detail/default.tpl on line 235
2016-03-08 16:56:59 - PHP Notice:  Undefined variable: booking in /home/lwmdosdz/public_html/catalog/view/theme/lexus_golmart/template/product/detail/default.tpl on line 235
2016-03-08 17:01:57 - PHP Notice:  Undefined variable: booking in /home/lwmdosdz/public_html/catalog/view/theme/lexus_golmart/template/product/detail/default.tpl on line 235
2016-03-08 17:06:20 - PHP Notice:  Undefined variable: booking in /home/lwmdosdz/public_html/catalog/view/theme/lexus_golmart/template/product/detail/default.tpl on line 235
2016-03-08 17:11:48 - PHP Notice:  Undefined variable: booking in /home/lwmdosdz/public_html/catalog/view/theme/lexus_golmart/template/product/detail/default.tpl on line 235
2016-03-08 17:15:45 - PHP Notice:  Undefined variable: booking in /home/lwmdosdz/public_html/catalog/view/theme/lexus_golmart/template/product/detail/default.tpl on line 235
2016-03-08 17:30:29 - PHP Notice:  Undefined variable: booking in /home/lwmdosdz/public_html/catalog/view/theme/lexus_golmart/template/product/detail/default.tpl on line 235
2016-03-08 17:37:21 - PHP Notice:  Undefined variable: booking in /home/lwmdosdz/public_html/catalog/view/theme/lexus_golmart/template/product/detail/default.tpl on line 235
2016-03-08 17:38:42 - PHP Notice:  Undefined variable: booking in /home/lwmdosdz/public_html/catalog/view/theme/lexus_golmart/template/product/detail/default.tpl on line 235
2016-03-08 17:45:15 - PHP Notice:  Undefined variable: booking in /home/lwmdosdz/public_html/catalog/view/theme/lexus_golmart/template/product/detail/default.tpl on line 235
2016-03-08 17:54:46 - PHP Notice:  Undefined variable: booking in /home/lwmdosdz/public_html/catalog/view/theme/lexus_golmart/template/product/detail/default.tpl on line 235
2016-03-08 17:58:28 - PHP Notice:  Undefined variable: booking in /home/lwmdosdz/public_html/catalog/view/theme/lexus_golmart/template/product/detail/default.tpl on line 235
2016-03-08 18:05:48 - PHP Notice:  Undefined variable: booking in /home/lwmdosdz/public_html/catalog/view/theme/lexus_golmart/template/product/detail/default.tpl on line 235
2016-03-08 18:15:12 - PHP Notice:  Undefined variable: booking in /home/lwmdosdz/public_html/catalog/view/theme/lexus_golmart/template/product/detail/default.tpl on line 235
2016-03-08 18:25:27 - PHP Notice:  Undefined variable: booking in /home/lwmdosdz/public_html/catalog/view/theme/lexus_golmart/template/product/detail/default.tpl on line 235
2016-03-08 18:25:37 - PHP Notice:  Undefined variable: booking in /home/lwmdosdz/public_html/catalog/view/theme/lexus_golmart/template/product/detail/default.tpl on line 235
2016-03-08 18:34:32 - PHP Notice:  Undefined variable: booking in /home/lwmdosdz/public_html/catalog/view/theme/lexus_golmart/template/product/detail/default.tpl on line 235
2016-03-08 19:04:44 - PHP Notice:  Undefined variable: booking in /home/lwmdosdz/public_html/catalog/view/theme/lexus_golmart/template/product/detail/default.tpl on line 235
2016-03-08 19:13:57 - PHP Notice:  Undefined variable: booking in /home/lwmdosdz/public_html/catalog/view/theme/lexus_golmart/template/product/detail/default.tpl on line 235
2016-03-08 19:18:17 - PHP Notice:  Undefined variable: booking in /home/lwmdosdz/public_html/catalog/view/theme/lexus_golmart/template/product/detail/default.tpl on line 235
2016-03-08 19:22:16 - PHP Notice:  Undefined variable: booking in /home/lwmdosdz/public_html/catalog/view/theme/lexus_golmart/template/product/detail/default.tpl on line 235
2016-03-08 19:27:33 - PHP Notice:  Undefined variable: booking in /home/lwmdosdz/public_html/catalog/view/theme/lexus_golmart/template/product/detail/default.tpl on line 235
2016-03-08 19:33:42 - PHP Notice:  Undefined variable: booking in /home/lwmdosdz/public_html/catalog/view/theme/lexus_golmart/template/product/detail/default.tpl on line 235
2016-03-08 19:38:42 - PHP Notice:  Undefined variable: booking in /home/lwmdosdz/public_html/catalog/view/theme/lexus_golmart/template/product/detail/default.tpl on line 235
2016-03-08 19:50:44 - PHP Notice:  Undefined variable: booking in /home/lwmdosdz/public_html/catalog/view/theme/lexus_golmart/template/product/detail/default.tpl on line 235
2016-03-08 20:00:06 - PHP Notice:  Undefined variable: booking in /home/lwmdosdz/public_html/catalog/view/theme/lexus_golmart/template/product/detail/default.tpl on line 235
2016-03-08 20:01:18 - PHP Notice:  Undefined variable: booking in /home/lwmdosdz/public_html/catalog/view/theme/lexus_golmart/template/product/detail/default.tpl on line 235
2016-03-08 20:03:05 - PHP Notice:  Undefined variable: booking in /home/lwmdosdz/public_html/catalog/view/theme/lexus_golmart/template/product/detail/default.tpl on line 235
2016-03-08 20:06:59 - PHP Notice:  Undefined variable: booking in /home/lwmdosdz/public_html/catalog/view/theme/lexus_golmart/template/product/detail/default.tpl on line 235
2016-03-08 20:30:33 - PHP Notice:  Undefined variable: booking in /home/lwmdosdz/public_html/catalog/view/theme/lexus_golmart/template/product/detail/default.tpl on line 235
2016-03-09 1:59:57 - PHP Notice:  Undefined variable: booking in /home/lwmdosdz/public_html/catalog/view/theme/lexus_golmart/template/product/detail/default.tpl on line 235
2016-03-09 2:47:16 - PHP Notice:  Undefined variable: booking in /home/lwmdosdz/public_html/catalog/view/theme/lexus_golmart/template/product/detail/default.tpl on line 235
2016-03-09 2:56:35 - PHP Notice:  Undefined variable: booking in /home/lwmdosdz/public_html/catalog/view/theme/lexus_golmart/template/product/detail/default.tpl on line 235
2016-03-09 2:58:52 - PHP Notice:  Undefined variable: booking in /home/lwmdosdz/public_html/catalog/view/theme/lexus_golmart/template/product/detail/default.tpl on line 235
2016-03-09 3:10:04 - PHP Notice:  Undefined variable: booking in /home/lwmdosdz/public_html/catalog/view/theme/lexus_golmart/template/product/detail/default.tpl on line 235
2016-03-09 3:12:12 - PHP Notice:  Undefined variable: booking in /home/lwmdosdz/public_html/catalog/view/theme/lexus_golmart/template/product/detail/default.tpl on line 235
2016-03-09 3:30:09 - PHP Notice:  Undefined variable: booking in /home/lwmdosdz/public_html/catalog/view/theme/lexus_golmart/template/product/detail/default.tpl on line 235
2016-03-09 3:40:56 - PHP Notice:  Undefined variable: booking in /home/lwmdosdz/public_html/catalog/view/theme/lexus_golmart/template/product/detail/default.tpl on line 235
2016-03-09 3:52:15 - PHP Notice:  Undefined variable: booking in /home/lwmdosdz/public_html/catalog/view/theme/lexus_golmart/template/product/detail/default.tpl on line 235
2016-03-09 4:00:18 - PHP Notice:  Undefined variable: booking in /home/lwmdosdz/public_html/catalog/view/theme/lexus_golmart/template/product/detail/default.tpl on line 235
2016-03-09 4:00:34 - PHP Notice:  Undefined variable: booking in /home/lwmdosdz/public_html/catalog/view/theme/lexus_golmart/template/product/detail/default.tpl on line 235
2016-03-09 4:02:03 - PHP Notice:  Undefined variable: booking in /home/lwmdosdz/public_html/catalog/view/theme/lexus_golmart/template/product/detail/default.tpl on line 235
2016-03-09 4:04:39 - PHP Notice:  Undefined variable: booking in /home/lwmdosdz/public_html/catalog/view/theme/lexus_golmart/template/product/detail/default.tpl on line 235
2016-03-09 4:08:50 - PHP Notice:  Undefined variable: booking in /home/lwmdosdz/public_html/catalog/view/theme/lexus_golmart/template/product/detail/default.tpl on line 235
2016-03-09 4:10:19 - PHP Notice:  Undefined variable: booking in /home/lwmdosdz/public_html/catalog/view/theme/lexus_golmart/template/product/detail/default.tpl on line 235
2016-03-09 4:11:32 - PHP Notice:  Undefined variable: booking in /home/lwmdosdz/public_html/catalog/view/theme/lexus_golmart/template/product/detail/default.tpl on line 235
2016-03-09 4:14:55 - PHP Notice:  Undefined variable: booking in /home/lwmdosdz/public_html/catalog/view/theme/lexus_golmart/template/product/detail/default.tpl on line 235
2016-03-09 4:48:13 - PHP Notice:  Undefined variable: booking in /home/lwmdosdz/public_html/catalog/view/theme/lexus_golmart/template/product/detail/default.tpl on line 235
2016-03-09 5:02:49 - PHP Notice:  Undefined variable: booking in /home/lwmdosdz/public_html/catalog/view/theme/lexus_golmart/template/product/detail/default.tpl on line 235
2016-03-09 5:39:00 - PHP Notice:  Undefined variable: booking in /home/lwmdosdz/public_html/catalog/view/theme/lexus_golmart/template/product/detail/default.tpl on line 235
2016-03-09 12:46:06 - PHP Notice:  Undefined variable: booking in /home/lwmdosdz/public_html/catalog/view/theme/lexus_golmart/template/product/detail/default.tpl on line 235
2016-03-09 14:22:37 - PHP Notice:  Undefined variable: booking in /home/lwmdosdz/public_html/catalog/view/theme/lexus_golmart/template/product/detail/default.tpl on line 235
2016-03-09 14:25:31 - PHP Notice:  Undefined variable: booking in /home/lwmdosdz/public_html/catalog/view/theme/lexus_golmart/template/product/detail/default.tpl on line 235
2016-03-09 21:25:26 - PHP Notice:  Undefined variable: booking in /home/lwmdosdz/public_html/catalog/view/theme/lexus_golmart/template/product/detail/default.tpl on line 235
2016-03-09 21:25:28 - PHP Notice:  Undefined variable: booking in /home/lwmdosdz/public_html/catalog/view/theme/lexus_golmart/template/product/detail/default.tpl on line 235
2016-03-09 21:25:33 - PHP Notice:  Undefined variable: booking in /home/lwmdosdz/public_html/catalog/view/theme/lexus_golmart/template/product/detail/default.tpl on line 235
2016-03-09 21:25:38 - PHP Notice:  Undefined variable: booking in /home/lwmdosdz/public_html/catalog/view/theme/lexus_golmart/template/product/detail/default.tpl on line 235
2016-03-09 21:25:43 - PHP Notice:  Undefined variable: booking in /home/lwmdosdz/public_html/catalog/view/theme/lexus_golmart/template/product/detail/default.tpl on line 235
2016-03-09 21:26:54 - PHP Notice:  Undefined variable: booking in /home/lwmdosdz/public_html/catalog/view/theme/lexus_golmart/template/product/detail/default.tpl on line 235
2016-03-09 21:26:59 - PHP Notice:  Undefined variable: booking in /home/lwmdosdz/public_html/catalog/view/theme/lexus_golmart/template/product/detail/default.tpl on line 235
2016-03-09 21:27:04 - PHP Notice:  Undefined variable: booking in /home/lwmdosdz/public_html/catalog/view/theme/lexus_golmart/template/product/detail/default.tpl on line 235
2016-03-09 21:27:10 - PHP Notice:  Undefined variable: booking in /home/lwmdosdz/public_html/catalog/view/theme/lexus_golmart/template/product/detail/default.tpl on line 235
2016-03-09 21:27:14 - PHP Notice:  Undefined variable: booking in /home/lwmdosdz/public_html/catalog/view/theme/lexus_golmart/template/product/detail/default.tpl on line 235
2016-03-09 21:27:19 - PHP Notice:  Undefined variable: booking in /home/lwmdosdz/public_html/catalog/view/theme/lexus_golmart/template/product/detail/default.tpl on line 235
2016-03-09 21:27:25 - PHP Notice:  Undefined variable: booking in /home/lwmdosdz/public_html/catalog/view/theme/lexus_golmart/template/product/detail/default.tpl on line 235
2016-03-10 0:27:03 - PHP Notice:  Undefined variable: booking in /home/lwmdosdz/public_html/catalog/view/theme/lexus_golmart/template/product/detail/default.tpl on line 235
2016-03-10 0:42:12 - PHP Notice:  Undefined variable: booking in /home/lwmdosdz/public_html/catalog/view/theme/lexus_golmart/template/product/detail/default.tpl on line 235
2016-03-10 2:44:18 - PHP Notice:  Undefined variable: booking in /home/lwmdosdz/public_html/catalog/view/theme/lexus_golmart/template/product/detail/default.tpl on line 235
2016-03-10 17:52:22 - PHP Notice:  Undefined variable: booking in /home/lwmdosdz/public_html/catalog/view/theme/lexus_golmart/template/product/detail/default.tpl on line 235
2016-03-10 18:13:37 - PHP Notice:  Undefined variable: booking in /home/lwmdosdz/public_html/catalog/view/theme/lexus_golmart/template/product/detail/default.tpl on line 235
2016-03-10 18:48:17 - PHP Notice:  Undefined variable: booking in /home/lwmdosdz/public_html/catalog/view/theme/lexus_golmart/template/product/detail/default.tpl on line 235
2016-03-10 19:10:38 - PHP Notice:  Undefined variable: booking in /home/lwmdosdz/public_html/catalog/view/theme/lexus_golmart/template/product/detail/default.tpl on line 235
2016-03-10 19:29:36 - PHP Notice:  Undefined variable: booking in /home/lwmdosdz/public_html/catalog/view/theme/lexus_golmart/template/product/detail/default.tpl on line 235
2016-03-10 19:57:05 - PHP Notice:  Undefined variable: booking in /home/lwmdosdz/public_html/catalog/view/theme/lexus_golmart/template/product/detail/default.tpl on line 235
2016-03-10 20:00:45 - PHP Notice:  Undefined variable: booking in /home/lwmdosdz/public_html/catalog/view/theme/lexus_golmart/template/product/detail/default.tpl on line 235
2016-03-10 20:19:41 - PHP Notice:  Undefined variable: booking in /home/lwmdosdz/public_html/catalog/view/theme/lexus_golmart/template/product/detail/default.tpl on line 235
2016-03-10 20:30:41 - PHP Notice:  Undefined variable: booking in /home/lwmdosdz/public_html/catalog/view/theme/lexus_golmart/template/product/detail/default.tpl on line 235
2016-03-10 20:34:21 - PHP Notice:  Undefined variable: booking in /home/lwmdosdz/public_html/catalog/view/theme/lexus_golmart/template/product/detail/default.tpl on line 235
2016-03-10 20:42:54 - PHP Notice:  Undefined variable: booking in /home/lwmdosdz/public_html/catalog/view/theme/lexus_golmart/template/product/detail/default.tpl on line 235
2016-03-10 20:57:33 - PHP Notice:  Undefined variable: booking in /home/lwmdosdz/public_html/catalog/view/theme/lexus_golmart/template/product/detail/default.tpl on line 235
2016-03-10 21:01:14 - PHP Notice:  Undefined variable: booking in /home/lwmdosdz/public_html/catalog/view/theme/lexus_golmart/template/product/detail/default.tpl on line 235
2016-03-10 21:07:20 - PHP Notice:  Undefined variable: booking in /home/lwmdosdz/public_html/catalog/view/theme/lexus_golmart/template/product/detail/default.tpl on line 235
2016-03-11 0:44:31 - PHP Notice:  Undefined variable: booking in /home/lwmdosdz/public_html/catalog/view/theme/lexus_golmart/template/product/detail/default.tpl on line 235
2016-03-11 1:04:01 - PHP Notice:  Undefined variable: booking in /home/lwmdosdz/public_html/catalog/view/theme/lexus_golmart/template/product/detail/default.tpl on line 235
2016-03-11 3:03:14 - PHP Notice:  Undefined variable: booking in /home/lwmdosdz/public_html/catalog/view/theme/lexus_golmart/template/product/detail/default.tpl on line 235
2016-03-11 3:57:25 - PHP Notice:  Undefined variable: booking in /home/lwmdosdz/public_html/catalog/view/theme/lexus_golmart/template/product/detail/default.tpl on line 235
2016-03-11 4:28:36 - PHP Notice:  Undefined variable: booking in /home/lwmdosdz/public_html/catalog/view/theme/lexus_golmart/template/product/detail/default.tpl on line 235
2016-03-11 4:29:13 - PHP Notice:  Undefined variable: booking in /home/lwmdosdz/public_html/catalog/view/theme/lexus_golmart/template/product/detail/default.tpl on line 235
2016-03-11 4:51:15 - PHP Notice:  Undefined variable: booking in /home/lwmdosdz/public_html/catalog/view/theme/lexus_golmart/template/product/detail/default.tpl on line 235
2016-03-11 5:21:14 - PHP Notice:  Undefined variable: booking in /home/lwmdosdz/public_html/catalog/view/theme/lexus_golmart/template/product/detail/default.tpl on line 235
2016-03-11 5:26:07 - PHP Notice:  Undefined variable: booking in /home/lwmdosdz/public_html/catalog/view/theme/lexus_golmart/template/product/detail/default.tpl on line 235
2016-03-11 5:30:23 - PHP Notice:  Undefined variable: booking in /home/lwmdosdz/public_html/catalog/view/theme/lexus_golmart/template/product/detail/default.tpl on line 235
2016-03-11 5:35:19 - PHP Notice:  Undefined variable: booking in /home/lwmdosdz/public_html/catalog/view/theme/lexus_golmart/template/product/detail/default.tpl on line 235
2016-03-11 6:23:01 - PHP Notice:  Undefined variable: booking in /home/lwmdosdz/public_html/catalog/view/theme/lexus_golmart/template/product/detail/default.tpl on line 235
2016-03-11 6:26:41 - PHP Notice:  Undefined variable: booking in /home/lwmdosdz/public_html/catalog/view/theme/lexus_golmart/template/product/detail/default.tpl on line 235
2016-03-11 15:37:31 - PHP Notice:  Undefined variable: booking in /home/lwmdosdz/public_html/catalog/view/theme/lexus_golmart/template/product/detail/default.tpl on line 235
2016-03-11 16:12:28 - PHP Notice:  Undefined variable: booking in /home/lwmdosdz/public_html/catalog/view/theme/lexus_golmart/template/product/detail/default.tpl on line 235
2016-03-11 16:36:28 - PHP Notice:  Undefined variable: booking in /home/lwmdosdz/public_html/catalog/view/theme/lexus_golmart/template/product/detail/default.tpl on line 235
2016-03-11 17:07:39 - PHP Notice:  Undefined variable: booking in /home/lwmdosdz/public_html/catalog/view/theme/lexus_golmart/template/product/detail/default.tpl on line 235
2016-03-11 17:34:20 - PHP Notice:  Undefined variable: booking in /home/lwmdosdz/public_html/catalog/view/theme/lexus_golmart/template/product/detail/default.tpl on line 235
2016-03-11 18:23:11 - PHP Notice:  Undefined variable: booking in /home/lwmdosdz/public_html/catalog/view/theme/lexus_golmart/template/product/detail/default.tpl on line 235
2016-03-12 17:57:21 - PHP Notice:  Undefined variable: booking in /home/lwmdosdz/public_html/catalog/view/theme/lexus_golmart/template/product/detail/default.tpl on line 235
2016-03-13 1:45:46 - PHP Notice:  Undefined variable: booking in /home/lwmdosdz/public_html/catalog/view/theme/lexus_golmart/template/product/detail/default.tpl on line 235
2016-03-13 2:28:52 - PHP Notice:  Undefined variable: booking in /home/lwmdosdz/public_html/catalog/view/theme/lexus_golmart/template/product/detail/default.tpl on line 235
2016-03-13 2:32:01 - PHP Notice:  Undefined variable: booking in /home/lwmdosdz/public_html/catalog/view/theme/lexus_golmart/template/product/detail/default.tpl on line 235
2016-03-13 2:34:15 - PHP Notice:  Undefined variable: booking in /home/lwmdosdz/public_html/catalog/view/theme/lexus_golmart/template/product/detail/default.tpl on line 235
2016-03-13 2:45:53 - PHP Notice:  Undefined variable: booking in /home/lwmdosdz/public_html/catalog/view/theme/lexus_golmart/template/product/detail/default.tpl on line 235
2016-03-13 2:46:38 - PHP Notice:  Undefined variable: booking in /home/lwmdosdz/public_html/catalog/view/theme/lexus_golmart/template/product/detail/default.tpl on line 235
2016-03-13 2:53:11 - PHP Notice:  Undefined variable: booking in /home/lwmdosdz/public_html/catalog/view/theme/lexus_golmart/template/product/detail/default.tpl on line 235
2016-03-13 3:07:14 - PHP Notice:  Undefined variable: booking in /home/lwmdosdz/public_html/catalog/view/theme/lexus_golmart/template/product/detail/default.tpl on line 235
2016-03-13 3:07:41 - PHP Notice:  Undefined variable: booking in /home/lwmdosdz/public_html/catalog/view/theme/lexus_golmart/template/product/detail/default.tpl on line 235
2016-03-13 3:32:22 - PHP Notice:  Undefined variable: booking in /home/lwmdosdz/public_html/catalog/view/theme/lexus_golmart/template/product/detail/default.tpl on line 235
2016-03-13 4:01:09 - PHP Notice:  Undefined variable: booking in /home/lwmdosdz/public_html/catalog/view/theme/lexus_golmart/template/product/detail/default.tpl on line 235
2016-03-13 4:02:44 - PHP Notice:  Undefined variable: booking in /home/lwmdosdz/public_html/catalog/view/theme/lexus_golmart/template/product/detail/default.tpl on line 235
2016-03-13 5:36:06 - PHP Notice:  Undefined variable: booking in /home/lwmdosdz/public_html/catalog/view/theme/lexus_golmart/template/product/detail/default.tpl on line 235
2016-03-13 6:32:18 - PHP Notice:  Undefined variable: booking in /home/lwmdosdz/public_html/catalog/view/theme/lexus_golmart/template/product/detail/default.tpl on line 235
2016-03-13 7:27:16 - PHP Notice:  Undefined variable: booking in /home/lwmdosdz/public_html/catalog/view/theme/lexus_golmart/template/product/detail/default.tpl on line 235
2016-03-13 7:59:51 - PHP Notice:  Undefined variable: booking in /home/lwmdosdz/public_html/catalog/view/theme/lexus_golmart/template/product/detail/default.tpl on line 235
2016-03-14 2:30:08 - PHP Notice:  Undefined variable: booking in /home/lwmdosdz/public_html/catalog/view/theme/lexus_golmart/template/product/detail/default.tpl on line 235
2016-03-15 6:27:53 - PHP Notice:  Undefined variable: booking in /home/lwmdosdz/public_html/catalog/view/theme/lexus_golmart/template/product/detail/default.tpl on line 235
2016-03-15 6:31:43 - PHP Notice:  Undefined variable: booking in /home/lwmdosdz/public_html/catalog/view/theme/lexus_golmart/template/product/detail/default.tpl on line 235
2016-03-15 8:34:00 - PHP Notice:  Undefined variable: booking in /home/lwmdosdz/public_html/catalog/view/theme/lexus_golmart/template/product/detail/default.tpl on line 235
2016-03-15 14:03:30 - PHP Notice:  Undefined variable: booking in /home/lwmdosdz/public_html/catalog/view/theme/lexus_golmart/template/product/detail/default.tpl on line 235
2016-03-16 4:29:41 - PHP Notice:  Undefined variable: booking in /home/lwmdosdz/public_html/catalog/view/theme/lexus_golmart/template/product/detail/default.tpl on line 235
2016-03-16 11:34:07 - PHP Notice:  Undefined variable: booking in /home/lwmdosdz/public_html/catalog/view/theme/lexus_golmart/template/product/detail/default.tpl on line 235
2016-03-16 11:34:09 - PHP Notice:  Undefined variable: booking in /home/lwmdosdz/public_html/catalog/view/theme/lexus_golmart/template/product/detail/default.tpl on line 235
2016-03-16 11:34:14 - PHP Notice:  Undefined variable: booking in /home/lwmdosdz/public_html/catalog/view/theme/lexus_golmart/template/product/detail/default.tpl on line 235
2016-03-16 11:34:19 - PHP Notice:  Undefined variable: booking in /home/lwmdosdz/public_html/catalog/view/theme/lexus_golmart/template/product/detail/default.tpl on line 235
2016-03-16 11:34:24 - PHP Notice:  Undefined variable: booking in /home/lwmdosdz/public_html/catalog/view/theme/lexus_golmart/template/product/detail/default.tpl on line 235
2016-03-16 11:34:29 - PHP Notice:  Undefined variable: booking in /home/lwmdosdz/public_html/catalog/view/theme/lexus_golmart/template/product/detail/default.tpl on line 235
2016-03-16 11:34:34 - PHP Notice:  Undefined variable: booking in /home/lwmdosdz/public_html/catalog/view/theme/lexus_golmart/template/product/detail/default.tpl on line 235
2016-03-16 11:35:41 - PHP Notice:  Undefined variable: booking in /home/lwmdosdz/public_html/catalog/view/theme/lexus_golmart/template/product/detail/default.tpl on line 235
2016-03-16 11:35:47 - PHP Notice:  Undefined variable: booking in /home/lwmdosdz/public_html/catalog/view/theme/lexus_golmart/template/product/detail/default.tpl on line 235
2016-03-16 11:35:52 - PHP Notice:  Undefined variable: booking in /home/lwmdosdz/public_html/catalog/view/theme/lexus_golmart/template/product/detail/default.tpl on line 235
2016-03-16 11:37:27 - PHP Notice:  Undefined variable: booking in /home/lwmdosdz/public_html/catalog/view/theme/lexus_golmart/template/product/detail/default.tpl on line 235
2016-03-16 11:37:32 - PHP Notice:  Undefined variable: booking in /home/lwmdosdz/public_html/catalog/view/theme/lexus_golmart/template/product/detail/default.tpl on line 235
2016-03-16 11:37:39 - PHP Notice:  Undefined variable: booking in /home/lwmdosdz/public_html/catalog/view/theme/lexus_golmart/template/product/detail/default.tpl on line 235
2016-03-16 11:37:44 - PHP Notice:  Undefined variable: booking in /home/lwmdosdz/public_html/catalog/view/theme/lexus_golmart/template/product/detail/default.tpl on line 235
2016-03-16 11:37:49 - PHP Notice:  Undefined variable: booking in /home/lwmdosdz/public_html/catalog/view/theme/lexus_golmart/template/product/detail/default.tpl on line 235
2016-03-16 11:37:54 - PHP Notice:  Undefined variable: booking in /home/lwmdosdz/public_html/catalog/view/theme/lexus_golmart/template/product/detail/default.tpl on line 235
2016-03-16 11:41:42 - PHP Notice:  Undefined variable: booking in /home/lwmdosdz/public_html/catalog/view/theme/lexus_golmart/template/product/detail/default.tpl on line 235
2016-03-16 11:41:46 - PHP Notice:  Undefined variable: booking in /home/lwmdosdz/public_html/catalog/view/theme/lexus_golmart/template/product/detail/default.tpl on line 235
2016-03-16 11:41:53 - PHP Notice:  Undefined variable: booking in /home/lwmdosdz/public_html/catalog/view/theme/lexus_golmart/template/product/detail/default.tpl on line 235
2016-03-16 11:41:57 - PHP Notice:  Undefined variable: booking in /home/lwmdosdz/public_html/catalog/view/theme/lexus_golmart/template/product/detail/default.tpl on line 235
2016-03-16 11:42:02 - PHP Notice:  Undefined variable: booking in /home/lwmdosdz/public_html/catalog/view/theme/lexus_golmart/template/product/detail/default.tpl on line 235
2016-03-16 11:42:06 - PHP Notice:  Undefined variable: booking in /home/lwmdosdz/public_html/catalog/view/theme/lexus_golmart/template/product/detail/default.tpl on line 235
2016-03-16 11:42:11 - PHP Notice:  Undefined variable: booking in /home/lwmdosdz/public_html/catalog/view/theme/lexus_golmart/template/product/detail/default.tpl on line 235
2016-03-16 11:42:17 - PHP Notice:  Undefined variable: booking in /home/lwmdosdz/public_html/catalog/view/theme/lexus_golmart/template/product/detail/default.tpl on line 235
2016-03-16 11:42:22 - PHP Notice:  Undefined variable: booking in /home/lwmdosdz/public_html/catalog/view/theme/lexus_golmart/template/product/detail/default.tpl on line 235
2016-03-16 21:19:35 - PHP Notice:  Undefined variable: booking in /home/lwmdosdz/public_html/catalog/view/theme/lexus_golmart/template/product/detail/default.tpl on line 235
2016-03-17 20:35:14 - PHP Notice:  Undefined variable: booking in /home/lwmdosdz/public_html/catalog/view/theme/lexus_golmart/template/product/detail/default.tpl on line 235
